{
  "RSpec": {
    "coverage": {
      "/Users/sabrinarobinson/Turing/3mod/projects/fitgoal/spec/controllers/dashboard_controller_spec.rb": [
        1,
        null,
        1,
        null,
        null
      ],
      "/Users/sabrinarobinson/Turing/3mod/projects/fitgoal/spec/rails_helper.rb": [
        null,
        1,
        1,
        1,
        null,
        1,
        1,
        1,
        1,
        1,
        1,
        1,
        null,
        null,
        null,
        1,
        null,
        1,
        1,
        1,
        1,
        1,
        null,
        1,
        null
      ],
      "/Users/sabrinarobinson/Turing/3mod/projects/fitgoal/config/environment.rb": [
        null,
        1,
        null,
        null,
        1
      ],
      "/Users/sabrinarobinson/Turing/3mod/projects/fitgoal/config/application.rb": [
        1,
        null,
        1,
        null,
        1,
        1,
        1,
        1,
        1,
        1,
        1,
        1,
        1,
        null,
        null,
        null,
        null,
        1,
        null,
        1,
        1,
        null,
        1,
        null,
        null,
        null,
        null,
        null,
        null,
        null,
        1,
        null,
        null
      ],
      "/Users/sabrinarobinson/Turing/3mod/projects/fitgoal/config/boot.rb": [
        1,
        null,
        1,
        1
      ],
      "/Users/sabrinarobinson/Turing/3mod/projects/fitgoal/config/environments/test.rb": [
        1,
        null,
        null,
        null,
        null,
        null,
        null,
        1,
        null,
        null,
        null,
        null,
        1,
        null,
        null,
        1,
        1,
        null,
        null,
        null,
        null,
        1,
        1,
        null,
        null,
        1,
        null,
        null,
        1,
        null,
        null,
        1,
        null,
        1,
        null,
        null,
        null,
        null,
        1,
        null,
        null,
        1,
        null,
        null,
        null,
        null
      ],
      "/Users/sabrinarobinson/Turing/3mod/projects/fitgoal/config/initializers/application_controller_renderer.rb": [
        null,
        null,
        null,
        null,
        null,
        null,
        null,
        null
      ],
      "/Users/sabrinarobinson/Turing/3mod/projects/fitgoal/config/initializers/assets.rb": [
        null,
        null,
        null,
        1,
        null,
        null,
        null,
        null,
        1,
        null,
        null,
        null,
        null,
        null
      ],
      "/Users/sabrinarobinson/Turing/3mod/projects/fitgoal/config/initializers/backtrace_silencers.rb": [
        null,
        null,
        null,
        null,
        null,
        null,
        null
      ],
      "/Users/sabrinarobinson/Turing/3mod/projects/fitgoal/config/initializers/content_security_policy.rb": [
        null,
        null,
        null,
        null,
        null,
        null,
        null,
        null,
        null,
        null,
        null,
        null,
        null,
        null,
        null,
        null,
        null,
        null,
        null,
        null,
        null,
        null,
        null,
        null,
        null
      ],
      "/Users/sabrinarobinson/Turing/3mod/projects/fitgoal/config/initializers/cookies_serializer.rb": [
        null,
        null,
        null,
        null,
        1
      ],
      "/Users/sabrinarobinson/Turing/3mod/projects/fitgoal/config/initializers/filter_parameter_logging.rb": [
        null,
        null,
        null,
        1
      ],
      "/Users/sabrinarobinson/Turing/3mod/projects/fitgoal/config/initializers/inflections.rb": [
        null,
        null,
        null,
        null,
        null,
        null,
        null,
        null,
        null,
        null,
        null,
        null,
        null,
        null,
        null,
        null
      ],
      "/Users/sabrinarobinson/Turing/3mod/projects/fitgoal/config/initializers/mime_types.rb": [
        null,
        null,
        null,
        null
      ],
      "/Users/sabrinarobinson/Turing/3mod/projects/fitgoal/config/initializers/omniauth.rb": [
        1,
        1,
        null
      ],
      "/Users/sabrinarobinson/Turing/3mod/projects/fitgoal/config/initializers/wrap_parameters.rb": [
        null,
        null,
        null,
        null,
        null,
        null,
        1,
        2,
        null,
        null,
        null,
        null,
        null,
        null
      ],
      "/Users/sabrinarobinson/Turing/3mod/projects/fitgoal/spec/factories/days.rb": [
        1,
        1,
        1,
        null,
        null
      ],
      "/Users/sabrinarobinson/Turing/3mod/projects/fitgoal/spec/factories/locations.rb": [
        1,
        1,
        1,
        1,
        null,
        null
      ],
      "/Users/sabrinarobinson/Turing/3mod/projects/fitgoal/spec/factories/plans.rb": [
        1,
        1,
        1,
        null,
        null
      ],
      "/Users/sabrinarobinson/Turing/3mod/projects/fitgoal/spec/factories/reminders.rb": [
        1,
        1,
        1,
        1,
        null,
        null
      ],
      "/Users/sabrinarobinson/Turing/3mod/projects/fitgoal/spec/factories/user.rb": [
        1,
        1,
        1,
        1,
        1,
        null,
        null
      ],
      "/Users/sabrinarobinson/Turing/3mod/projects/fitgoal/spec/factories/user_plan_days.rb": [
        1,
        1,
        1,
        1,
        null,
        null
      ],
      "/Users/sabrinarobinson/Turing/3mod/projects/fitgoal/spec/factories/user_plans.rb": [
        1,
        1,
        1,
        1,
        null,
        null
      ],
      "/Users/sabrinarobinson/Turing/3mod/projects/fitgoal/config/routes.rb": [
        1,
        1,
        1,
        null,
        1,
        1,
        null,
        1,
        1,
        1,
        null,
        1,
        null,
        1,
        null,
        null,
        null,
        null,
        1,
        1,
        null,
        null,
        null
      ],
      "/Users/sabrinarobinson/Turing/3mod/projects/fitgoal/app/helpers/application_helper.rb": [
        1,
        null
      ],
      "/Users/sabrinarobinson/Turing/3mod/projects/fitgoal/app/helpers/dashboard_helper.rb": [
        1,
        null
      ],
      "/Users/sabrinarobinson/Turing/3mod/projects/fitgoal/app/helpers/goals_helper.rb": [
        1,
        null
      ],
      "/Users/sabrinarobinson/Turing/3mod/projects/fitgoal/app/helpers/reminders_helper.rb": [
        1,
        null
      ],
      "/Users/sabrinarobinson/Turing/3mod/projects/fitgoal/app/controllers/dashboard_controller.rb": [
        1,
        1,
        7,
        7,
        0,
        null,
        null,
        null
      ],
      "/Users/sabrinarobinson/Turing/3mod/projects/fitgoal/app/controllers/application_controller.rb": [
        1,
        1,
        null,
        1,
        26,
        null,
        null
      ],
      "/Users/sabrinarobinson/Turing/3mod/projects/fitgoal/spec/controllers/goals_controller_spec.rb": [
        1,
        null,
        1,
        null,
        null
      ],
      "/Users/sabrinarobinson/Turing/3mod/projects/fitgoal/app/controllers/user_plans_controller.rb": [
        1,
        1,
        null,
        null,
        null,
        null,
        null,
        1,
        0,
        0,
        null,
        null,
        1,
        null,
        null,
        1,
        0,
        0,
        null,
        0,
        0,
        null,
        0,
        0,
        null,
        null,
        null,
        null,
        0,
        null,
        null,
        null
      ],
      "/Users/sabrinarobinson/Turing/3mod/projects/fitgoal/spec/controllers/home_controller_spec.rb": [
        1,
        null,
        1,
        null,
        null
      ],
      "/Users/sabrinarobinson/Turing/3mod/projects/fitgoal/app/controllers/home_controller.rb": [
        1,
        1,
        null,
        null,
        null,
        1,
        null,
        null,
        null
      ],
      "/Users/sabrinarobinson/Turing/3mod/projects/fitgoal/spec/controllers/reminders_controller_spec.rb": [
        1,
        null,
        null,
        null,
        null,
        null,
        null,
        null,
        null,
        null,
        null,
        null,
        null,
        null,
        null,
        null,
        null,
        null,
        null,
        null,
        null,
        null,
        null,
        null,
        null,
        1,
        null,
        null,
        null,
        null,
        1,
        10,
        null,
        null,
        1,
        1,
        null,
        null,
        null,
        null,
        null,
        2,
        null,
        1,
        1,
        1,
        0,
        0,
        null,
        null,
        null,
        1,
        1,
        1,
        0,
        0,
        null,
        null,
        null,
        1,
        1,
        1,
        0,
        null,
        null,
        null,
        1,
        1,
        1,
        0,
        0,
        null,
        null,
        null,
        1,
        1,
        1,
        1,
        1,
        null,
        null,
        null,
        1,
        1,
        0,
        null,
        null,
        null,
        1,
        1,
        1,
        0,
        null,
        null,
        null,
        null,
        1,
        1,
        1,
        0,
        null,
        null,
        1,
        1,
        0,
        0,
        0,
        null,
        null,
        1,
        1,
        0,
        0,
        null,
        null,
        null,
        1,
        1,
        1,
        0,
        0,
        null,
        null,
        null,
        null,
        1,
        1,
        1,
        0,
        0,
        null,
        null,
        null,
        1,
        1,
        0,
        0,
        null,
        null,
        null,
        null
      ],
      "/Users/sabrinarobinson/Turing/3mod/projects/fitgoal/app/controllers/reminders_controller.rb": [
        1,
        1,
        null,
        null,
        1,
        1,
        1,
        1,
        null,
        null,
        null,
        null,
        1,
        null,
        null,
        1,
        1,
        null,
        null,
        null,
        1,
        null,
        null,
        1,
        null,
        0,
        null,
        0,
        0,
        0,
        0,
        null,
        0,
        0,
        null,
        null,
        null,
        null,
        1,
        0,
        0,
        0,
        0,
        null,
        0,
        0,
        null,
        null,
        null,
        null,
        1,
        0,
        0,
        0,
        0,
        null,
        null,
        null,
        1,
        1,
        0,
        null,
        null,
        1,
        0,
        null,
        null
      ],
      "/Users/sabrinarobinson/Turing/3mod/projects/fitgoal/spec/features/goals/user_can_choose_goal_spec.rb": [
        1,
        1,
        1,
        null,
        1,
        null,
        null,
        1,
        null,
        1,
        null,
        1,
        null,
        1,
        null,
        1,
        null,
        1,
        0,
        0,
        0,
        null,
        null
      ],
      "/Users/sabrinarobinson/Turing/3mod/projects/fitgoal/spec/features/twilio/user_receives_a_text_spec.rb": [
        null,
        null,
        null,
        null,
        null,
        null,
        null,
        null,
        null,
        null,
        null,
        null,
        null,
        null,
        null,
        null,
        null,
        null,
        null,
        null,
        null,
        null,
        null,
        null,
        null,
        null,
        null,
        null,
        null,
        null,
        null
      ],
      "/Users/sabrinarobinson/Turing/3mod/projects/fitgoal/spec/features/user/user_can_add_miles_run_spec.rb": [
        1,
        null,
        1,
        1,
        null,
        null,
        0,
        null,
        0,
        0,
        null,
        0,
        null,
        0,
        0,
        null,
        0,
        0,
        0,
        null,
        0,
        null,
        0,
        0,
        0,
        0,
        null,
        null
      ],
      "/Users/sabrinarobinson/Turing/3mod/projects/fitgoal/spec/features/user/user_can_log_in_and_out_spec.rb": [
        1,
        null,
        1,
        null,
        1,
        null,
        3,
        null,
        3,
        3,
        3,
        3,
        null,
        3,
        3,
        null,
        3,
        null,
        null,
        1,
        null,
        1,
        null,
        1,
        1,
        1,
        1,
        null,
        1,
        1,
        1,
        1,
        null,
        1,
        1,
        1,
        1,
        null,
        null,
        1,
        null,
        1,
        1,
        null,
        null,
        1,
        null,
        1,
        null,
        1,
        null,
        1,
        null,
        1,
        null,
        null
      ],
      "/Users/sabrinarobinson/Turing/3mod/projects/fitgoal/spec/features/user/user_visits_thier_dashboard_spec.rb": [
        1,
        null,
        1,
        1,
        null,
        null,
        1,
        null,
        1,
        null,
        1,
        null,
        1,
        null,
        1,
        1,
        null,
        1,
        1,
        1,
        null,
        null,
        null
      ],
      "/Users/sabrinarobinson/Turing/3mod/projects/fitgoal/spec/helpers/dashboard_helper_spec.rb": [
        1,
        null,
        null,
        null,
        null,
        null,
        null,
        null,
        null,
        null,
        null,
        null,
        1,
        1,
        null
      ],
      "/Users/sabrinarobinson/Turing/3mod/projects/fitgoal/spec/helpers/goals_helper_spec.rb": [
        1,
        null,
        null,
        null,
        null,
        null,
        null,
        null,
        null,
        null,
        null,
        null,
        1,
        1,
        null
      ],
      "/Users/sabrinarobinson/Turing/3mod/projects/fitgoal/spec/helpers/reminders_helper_spec.rb": [
        1,
        null,
        null,
        null,
        null,
        null,
        null,
        null,
        null,
        null,
        null,
        null,
        1,
        1,
        null
      ],
      "/Users/sabrinarobinson/Turing/3mod/projects/fitgoal/spec/models/day_spec.rb": [
        1,
        null,
        1,
        null,
        2,
        null
      ],
      "/Users/sabrinarobinson/Turing/3mod/projects/fitgoal/app/models/day.rb": [
        1,
        1,
        null,
        1,
        1,
        null
      ],
      "/Users/sabrinarobinson/Turing/3mod/projects/fitgoal/app/models/application_record.rb": [
        1,
        1,
        null
      ],
      "/Users/sabrinarobinson/Turing/3mod/projects/fitgoal/spec/models/location_spec.rb": [
        1,
        null,
        1,
        2,
        null,
        2,
        null
      ],
      "/Users/sabrinarobinson/Turing/3mod/projects/fitgoal/app/models/location.rb": [
        1,
        1,
        null,
        1,
        null
      ],
      "/Users/sabrinarobinson/Turing/3mod/projects/fitgoal/spec/models/plan_spec.rb": [
        null,
        null,
        null,
        null,
        null
      ],
      "/Users/sabrinarobinson/Turing/3mod/projects/fitgoal/spec/models/reminder_spec.rb": [
        1,
        null,
        1,
        1,
        null
      ],
      "/Users/sabrinarobinson/Turing/3mod/projects/fitgoal/app/models/reminder.rb": [
        1,
        null,
        null,
        1,
        1,
        null,
        null,
        null,
        null,
        null,
        null,
        null,
        null,
        null,
        null,
        null,
        null,
        null,
        null,
        1,
        0,
        0,
        null,
        null,
        1,
        0,
        null,
        null,
        null
      ],
      "/Users/sabrinarobinson/Turing/3mod/projects/fitgoal/spec/models/user_plan_day_spec.rb": [
        1,
        null,
        1,
        2,
        null,
        2,
        2,
        null
      ],
      "/Users/sabrinarobinson/Turing/3mod/projects/fitgoal/app/models/user_plan_day.rb": [
        1,
        1,
        1,
        null,
        1,
        null
      ],
      "/Users/sabrinarobinson/Turing/3mod/projects/fitgoal/spec/models/user_plan_spec.rb": [
        1,
        null,
        1,
        2,
        null,
        2,
        2,
        null
      ],
      "/Users/sabrinarobinson/Turing/3mod/projects/fitgoal/app/models/user_plan.rb": [
        1,
        1,
        1,
        null,
        1,
        null
      ],
      "/Users/sabrinarobinson/Turing/3mod/projects/fitgoal/spec/models/user_spec.rb": [
        1,
        null,
        1,
        2,
        null,
        2,
        null,
        1,
        1,
        1,
        null,
        1,
        null,
        null
      ],
      "/Users/sabrinarobinson/Turing/3mod/projects/fitgoal/app/models/user.rb": [
        1,
        1,
        1,
        1,
        1,
        1,
        null,
        1,
        1,
        null,
        null,
        null,
        null,
        1,
        7,
        2,
        null,
        5,
        null,
        null,
        null
      ],
      "/Users/sabrinarobinson/Turing/3mod/projects/fitgoal/spec/requests/reminders_spec.rb": [
        1,
        null,
        1,
        1,
        1,
        1,
        1,
        null,
        null,
        null
      ],
      "/Users/sabrinarobinson/Turing/3mod/projects/fitgoal/spec/routing/reminders_routing_spec.rb": [
        1,
        null,
        1,
        1,
        null,
        1,
        1,
        null,
        null,
        1,
        1,
        null,
        null,
        1,
        1,
        null,
        null,
        1,
        1,
        null,
        null,
        1,
        1,
        null,
        null,
        1,
        1,
        null,
        null,
        1,
        1,
        null,
        null,
        1,
        1,
        null,
        null,
        null,
        null
      ],
      "/Users/sabrinarobinson/Turing/3mod/projects/fitgoal/spec/views/reminders/new.html.erb_spec.rb": [
        1,
        null,
        1,
        1,
        1,
        null,
        null,
        null,
        null,
        1,
        1,
        null,
        1,
        null,
        1,
        null,
        null,
        null
      ],
      "/Users/sabrinarobinson/Turing/3mod/projects/fitgoal/app/presenters/dashboard_presenter.rb": [
        1,
        1,
        null,
        1,
        7,
        null,
        null,
        1,
        7,
        null,
        null,
        1,
        7,
        null,
        null,
        1,
        7,
        null,
        null,
        1,
        null,
        1,
        21,
        null,
        null
      ],
      "/Users/sabrinarobinson/Turing/3mod/projects/fitgoal/app/models/weather.rb": [
        1,
        1,
        null,
        1,
        7,
        null,
        null,
        1,
        21,
        null,
        null,
        null,
        null,
        null,
        null,
        null,
        null,
        null,
        1,
        7,
        null,
        null,
        1,
        7,
        null,
        null,
        1,
        7,
        null,
        null
      ],
      "/Users/sabrinarobinson/Turing/3mod/projects/fitgoal/app/services/weather_service.rb": [
        1,
        null,
        1,
        21,
        null,
        null,
        1,
        21,
        21,
        null,
        null
      ],
      "/Users/sabrinarobinson/Turing/3mod/projects/fitgoal/app/models/plan.rb": [
        1,
        1,
        1,
        null,
        1,
        null,
        null
      ],
      "/Users/sabrinarobinson/Turing/3mod/projects/fitgoal/app/controllers/sessions_controller.rb": [
        1,
        1,
        3,
        null,
        null,
        1,
        1,
        1,
        null,
        null,
        1,
        3,
        0,
        0,
        0,
        null,
        3,
        3,
        3,
        3,
        null,
        0,
        0,
        null,
        null,
        null,
        null,
        1,
        0,
        0,
        0,
        0,
        0,
        null,
        null,
        1,
        null,
        1,
        3,
        null,
        null,
        null,
        null,
        null,
        null,
        null
      ],
      "/Users/sabrinarobinson/Turing/3mod/projects/fitgoal/app/controllers/users_controller.rb": [
        1,
        1,
        null,
        0,
        null,
        null,
        1,
        1,
        null,
        null,
        1,
        1,
        1,
        1,
        1,
        null,
        0,
        0,
        null,
        null,
        null,
        1,
        null,
        1,
        1,
        null,
        null
      ]
    },
    "timestamp": 1533158130
  }
}
